<?xml version="1.0" encoding="UTF-8"?>
<!-- Generated by org.testng.reporters.JUnitReportReporter -->
<testsuite skipped="0" hostname="Ramesh" name="com.crm.testCases.HomePageTest" tests="4" failures="0" timestamp="18 Feb 2019 05:30:38 GMT" time="103.688" errors="0">
  <testcase name="verifyDealsPageOpen" time="27.866" classname="com.crm.testCases.HomePageTest"/>
  <testcase name="verifyHomePageTitle" time="22.588" classname="com.crm.testCases.HomePageTest"/>
  <testcase name="verifycontactPageOpen" time="26.233" classname="com.crm.testCases.HomePageTest"/>
  <testcase name="verfiyLoggedUserName" time="27.001" classname="com.crm.testCases.HomePageTest"/>
</testsuite> <!-- com.crm.testCases.HomePageTest -->
