<?xml version="1.0" encoding="UTF-8"?>
<!-- Generated by org.testng.reporters.JUnitReportReporter -->
<testsuite skipped="0" hostname="Ramesh" name="com.crm.testCases.CaseTestCases" tests="2" failures="0" timestamp="18 Feb 2019 05:30:38 GMT" time="68.775" errors="0">
  <testcase name="NewCase" time="33.624" classname="com.crm.testCases.CaseTestCases"/>
  <testcase name="NewCase" time="35.151" classname="com.crm.testCases.CaseTestCases"/>
</testsuite> <!-- com.crm.testCases.CaseTestCases -->
